0 verbose cli /usr/local/nvm/versions/node/v16.4.0/bin/node /usr/local/nvm/versions/node/v16.4.0/bin/npm
1 info using npm@8.19.2
2 info using node@v16.4.0
3 timing npm:load:whichnode Completed in 0ms
4 timing config:load:defaults Completed in 3ms
5 timing config:load:file:/usr/local/nvm/versions/node/v16.4.0/lib/node_modules/npm/npmrc Completed in 4ms
6 timing config:load:builtin Completed in 4ms
7 timing config:load:cli Completed in 4ms
8 timing config:load:env Completed in 1ms
9 timing config:load:file:/home/user341/sample-Firestore/internal/.npmrc Completed in 0ms
10 timing config:load:project Completed in 3ms
11 timing config:load:file:/home/user341/.npmrc Completed in 1ms
12 timing config:load:user Completed in 1ms
13 timing config:load:file:/usr/local/nvm/versions/node/v16.4.0/etc/npmrc Completed in 2ms
14 timing config:load:global Completed in 2ms
15 timing config:load:validate Completed in 0ms
16 timing config:load:credentials Completed in 2ms
17 timing config:load:setEnvs Completed in 1ms
18 timing config:load Completed in 21ms
19 timing npm:load:configload Completed in 21ms
20 timing npm:load:mkdirpcache Completed in 4ms
21 timing npm:load:mkdirplogs Completed in 2ms
22 verbose title npm audit
23 verbose argv "audit"
24 timing npm:load:setTitle Completed in 2ms
25 timing config:load:flatten Completed in 9ms
26 timing npm:load:display Completed in 13ms
27 verbose logfile logs-max:10 dir:/home/user341/.npm/_logs
28 verbose logfile /home/user341/.npm/_logs/2022-10-05T18_54_31_015Z-debug-0.log
29 timing npm:load:logFile Completed in 11ms
30 timing npm:load:timers Completed in 0ms
31 timing npm:load:configScope Completed in 1ms
32 timing npm:load Completed in 56ms
33 timing arborist:ctor Completed in 1ms
34 silly logfile done cleaning log files
35 silly audit bulk request {
35 silly audit   '@ampproject/remapping': [ '2.1.2' ],
35 silly audit   '@babel/code-frame': [ '7.16.7' ],
35 silly audit   '@babel/compat-data': [ '7.17.0' ],
35 silly audit   '@babel/core': [ '7.17.5' ],
35 silly audit   debug: [ '4.3.3', '4.3.1', '2.6.9', '3.2.6' ],
35 silly audit   ms: [ '2.1.2', '2.1.3', '2.0.0', '2.1.1' ],
35 silly audit   '@babel/generator': [ '7.17.3' ],
35 silly audit   '@babel/helper-compilation-targets': [ '7.16.7' ],
35 silly audit   '@babel/helper-environment-visitor': [ '7.16.7' ],
35 silly audit   '@babel/helper-function-name': [ '7.16.7' ],
35 silly audit   '@babel/helper-get-function-arity': [ '7.16.7' ],
35 silly audit   '@babel/helper-hoist-variables': [ '7.16.7' ],
35 silly audit   '@babel/helper-module-imports': [ '7.16.7' ],
35 silly audit   '@babel/helper-module-transforms': [ '7.17.6' ],
35 silly audit   '@babel/helper-simple-access': [ '7.16.7' ],
35 silly audit   '@babel/helper-split-export-declaration': [ '7.16.7' ],
35 silly audit   '@babel/helper-validator-identifier': [ '7.16.7' ],
35 silly audit   '@babel/helper-validator-option': [ '7.16.7' ],
35 silly audit   '@babel/helpers': [ '7.17.2' ],
35 silly audit   '@babel/highlight': [ '7.16.10' ],
35 silly audit   'ansi-styles': [ '3.2.1', '4.3.0' ],
35 silly audit   chalk: [ '2.4.2', '4.1.2' ],
35 silly audit   'color-convert': [ '1.9.3', '2.0.1' ],
35 silly audit   'color-name': [ '1.1.3', '1.1.4' ],
35 silly audit   'escape-string-regexp': [ '1.0.5', '4.0.0' ],
35 silly audit   'has-flag': [ '3.0.0', '4.0.0' ],
35 silly audit   'supports-color': [ '5.5.0', '7.2.0', '8.1.1' ],
35 silly audit   '@babel/parser': [ '7.17.3' ],
35 silly audit   '@babel/template': [ '7.16.7' ],
35 silly audit   '@babel/traverse': [ '7.17.3' ],
35 silly audit   '@babel/types': [ '7.17.0' ],
35 silly audit   '@google-cloud/firestore': [ '4.8.1' ],
35 silly audit   '@grpc/grpc-js': [ '1.2.3' ],
35 silly audit   '@grpc/proto-loader': [ '0.5.5' ],
35 silly audit   '@istanbuljs/load-nyc-config': [ '1.1.0' ],
35 silly audit   argparse: [ '1.0.10', '2.0.1' ],
35 silly audit   'find-up': [ '4.1.0', '5.0.0' ],
35 silly audit   'js-yaml': [ '3.14.1', '4.1.0' ],
35 silly audit   'locate-path': [ '5.0.0', '6.0.0' ],
35 silly audit   'p-limit': [ '2.3.0', '3.1.0' ],
35 silly audit   'p-locate': [ '4.1.0', '5.0.0' ],
35 silly audit   '@istanbuljs/schema': [ '0.1.3' ],
35 silly audit   '@jridgewell/resolve-uri': [ '3.0.5' ],
35 silly audit   '@jridgewell/sourcemap-codec': [ '1.4.11' ],
35 silly audit   '@jridgewell/trace-mapping': [ '0.3.4' ],
35 silly audit   '@protobufjs/aspromise': [ '1.1.2' ],
35 silly audit   '@protobufjs/base64': [ '1.1.2' ],
35 silly audit   '@protobufjs/codegen': [ '2.0.4' ],
35 silly audit   '@protobufjs/eventemitter': [ '1.1.0' ],
35 silly audit   '@protobufjs/fetch': [ '1.1.0' ],
35 silly audit   '@protobufjs/float': [ '1.0.2' ],
35 silly audit   '@protobufjs/inquire': [ '1.1.0' ],
35 silly audit   '@protobufjs/path': [ '1.1.2' ],
35 silly audit   '@protobufjs/pool': [ '1.1.0' ],
35 silly audit   '@protobufjs/utf8': [ '1.1.0' ],
35 silly audit   '@types/long': [ '4.0.1' ],
35 silly audit   '@types/node': [ '12.19.12', '13.13.39' ],
35 silly audit   '@ungap/promise-all-settled': [ '1.1.2' ],
35 silly audit   'abort-controller': [ '3.0.0' ],
35 silly audit   accepts: [ '1.3.7' ],
35 silly audit   'agent-base': [ '6.0.2' ],
35 silly audit   'aggregate-error': [ '3.1.0' ],
35 silly audit   'ansi-colors': [ '4.1.1' ],
35 silly audit   'ansi-regex': [ '5.0.1' ],
35 silly audit   anymatch: [ '3.1.2' ],
35 silly audit   'append-transform': [ '2.0.0' ],
35 silly audit   archy: [ '1.0.0' ],
35 silly audit   'array-flatten': [ '1.1.1' ],
35 silly audit   arrify: [ '2.0.1' ],
35 silly audit   'assertion-error': [ '1.1.0' ],
35 silly audit   asynckit: [ '0.4.0' ],
35 silly audit   'balanced-match': [ '1.0.0' ],
35 silly audit   'base64-js': [ '1.5.1' ],
35 silly audit   'bignumber.js': [ '9.0.1' ],
35 silly audit   'binary-extensions': [ '2.2.0' ],
35 silly audit   'body-parser': [ '1.19.0' ],
35 silly audit   'brace-expansion': [ '1.1.11' ],
35 silly audit   braces: [ '3.0.2' ],
35 silly audit   'browser-stdout': [ '1.3.1' ],
35 silly audit   browserslist: [ '4.19.3' ],
35 silly audit   'buffer-equal-constant-time': [ '1.0.1' ],
35 silly audit   bytes: [ '3.1.0' ],
35 silly audit   'caching-transform': [ '4.0.0' ],
35 silly audit   camelcase: [ '5.3.1', '6.3.0' ],
35 silly audit   'caniuse-lite': [ '1.0.30001312' ],
35 silly audit   chai: [ '4.2.0' ],
35 silly audit   'check-error': [ '1.0.2' ],
35 silly audit   chokidar: [ '3.5.3' ],
35 silly audit   'clean-stack': [ '2.2.0' ],
35 silly audit   cliui: [ '7.0.4', '6.0.0' ],
35 silly audit   'combined-stream': [ '1.0.8' ],
35 silly audit   commondir: [ '1.0.1' ],
35 silly audit   'component-emitter': [ '1.3.0' ],
35 silly audit   'concat-map': [ '0.0.1' ],
35 silly audit   'content-disposition': [ '0.5.3' ],
35 silly audit   'content-type': [ '1.0.4' ],
35 silly audit   'convert-source-map': [ '1.8.0' ],
35 silly audit   cookie: [ '0.4.0' ],
35 silly audit   'cookie-signature': [ '1.0.6' ],
35 silly audit   cookiejar: [ '2.1.2' ],
35 silly audit   'core-util-is': [ '1.0.2' ],
35 silly audit   'cross-spawn': [ '7.0.3' ],
35 silly audit   decamelize: [ '1.2.0', '4.0.0' ],
35 silly audit   'deep-eql': [ '3.0.1' ],
35 silly audit   'default-require-extensions': [ '3.0.0' ],
35 silly audit   'delayed-stream': [ '1.0.0' ],
35 silly audit   depd: [ '1.1.2' ],
35 silly audit   destroy: [ '1.0.4' ],
35 silly audit   diff: [ '5.0.0' ],
35 silly audit   duplexify: [ '4.1.1' ],
35 silly audit   'readable-stream': [ '3.6.0', '2.3.6' ],
35 silly audit   'ecdsa-sig-formatter': [ '1.0.11' ],
35 silly audit   'ee-first': [ '1.1.1' ],
35 silly audit   'electron-to-chromium': [ '1.4.75' ],
35 silly audit   'emoji-regex': [ '8.0.0' ],
35 silly audit   encodeurl: [ '1.0.2' ],
35 silly audit   'end-of-stream': [ '1.4.1' ],
35 silly audit   'es6-error': [ '4.1.1' ],
35 silly audit   escalade: [ '3.1.1' ],
35 silly audit   'escape-html': [ '1.0.3' ],
35 silly audit   esprima: [ '4.0.1' ],
35 silly audit   etag: [ '1.8.1' ],
35 silly audit   'event-target-shim': [ '5.0.1' ],
35 silly audit   express: [ '4.17.1' ],
35 silly audit   extend: [ '3.0.2' ],
35 silly audit   'fast-deep-equal': [ '3.1.3' ],
35 silly audit   'fast-text-encoding': [ '1.0.3' ],
35 silly audit   'fill-range': [ '7.0.1' ],
35 silly audit   finalhandler: [ '1.1.2' ],
35 silly audit   'find-cache-dir': [ '3.3.2' ],
35 silly audit   flat: [ '5.0.2' ],
35 silly audit   'foreground-child': [ '2.0.0' ],
35 silly audit   'form-data': [ '2.5.0' ],
35 silly audit   formidable: [ '1.2.1' ],
35 silly audit   forwarded: [ '0.1.2' ],
35 silly audit   fresh: [ '0.5.2' ],
35 silly audit   fromentries: [ '1.3.2' ],
35 silly audit   'fs.realpath': [ '1.0.0' ],
35 silly audit   fsevents: [ '2.3.2' ],
35 silly audit   'functional-red-black-tree': [ '1.0.1' ],
35 silly audit   gaxios: [ '4.1.0' ],
35 silly audit   'gcp-metadata': [ '4.2.1' ],
35 silly audit   gensync: [ '1.0.0-beta.2' ],
35 silly audit   'get-caller-file': [ '2.0.5' ],
35 silly audit   'get-func-name': [ '2.0.0' ],
35 silly audit   'get-package-type': [ '0.1.0' ],
35 silly audit   glob: [ '7.2.0' ],
35 silly audit   'glob-parent': [ '5.1.2' ],
35 silly audit   globals: [ '11.12.0' ],
35 silly audit   'google-auth-library': [ '6.1.4' ],
35 silly audit   'lru-cache': [ '6.0.0' ],
35 silly audit   yallist: [ '4.0.0' ],
35 silly audit   'google-gax': [ '2.10.0' ],
35 silly audit   'google-p12-pem': [ '3.1.3' ],
35 silly audit   'graceful-fs': [ '4.2.9' ],
35 silly audit   growl: [ '1.10.5' ],
35 silly audit   gtoken: [ '5.1.0' ],
35 silly audit   mime: [ '2.4.7', '1.6.0' ],
35 silly audit   hasha: [ '5.2.2' ],
35 silly audit   he: [ '1.2.0' ],
35 silly audit   'html-escaper': [ '2.0.2' ],
35 silly audit   'http-errors': [ '1.7.2' ],
35 silly audit   'https-proxy-agent': [ '5.0.0' ],
35 silly audit   'iconv-lite': [ '0.4.24' ],
35 silly audit   imurmurhash: [ '0.1.4' ],
35 silly audit   'indent-string': [ '4.0.0' ],
35 silly audit   inflight: [ '1.0.6' ],
35 silly audit   inherits: [ '2.0.3' ],
35 silly audit   'ipaddr.js': [ '1.9.0' ],
35 silly audit   'is-binary-path': [ '2.1.0' ],
35 silly audit   'is-extglob': [ '2.1.1' ],
35 silly audit   'is-fullwidth-code-point': [ '3.0.0' ],
35 silly audit   'is-glob': [ '4.0.3' ],
35 silly audit   'is-number': [ '7.0.0' ],
35 silly audit   'is-plain-obj': [ '2.1.0' ],
35 silly audit   'is-stream': [ '2.0.1' ],
35 silly audit   'is-stream-ended': [ '0.1.4' ],
35 silly audit   'is-typedarray': [ '1.0.0' ],
35 silly audit   'is-unicode-supported': [ '0.1.0' ],
35 silly audit   'is-windows': [ '1.0.2' ],
35 silly audit   isarray: [ '1.0.0' ],
35 silly audit   isexe: [ '2.0.0' ],
35 silly audit   'istanbul-lib-coverage': [ '3.2.0' ],
35 silly audit   'istanbul-lib-hook': [ '3.0.0' ],
35 silly audit   'istanbul-lib-instrument': [ '4.0.3' ],
35 silly audit   'istanbul-lib-processinfo': [ '2.0.2' ],
35 silly audit   'istanbul-lib-report': [ '3.0.0' ],
35 silly audit   'istanbul-lib-source-maps': [ '4.0.1' ],
35 silly audit   'source-map': [ '0.6.1', '0.5.7' ],
35 silly audit   'istanbul-reports': [ '3.1.4' ],
35 silly audit   'js-tokens': [ '4.0.0' ],
35 silly audit   jsesc: [ '2.5.2' ],
35 silly audit   'json-bigint': [ '1.0.0' ],
35 silly audit   json5: [ '2.2.0' ],
35 silly audit   jwa: [ '2.0.0' ],
35 silly audit   jws: [ '4.0.0' ],
35 silly audit   'lodash.camelcase': [ '4.3.0' ],
35 silly audit   'lodash.flattendeep': [ '4.4.0' ],
35 silly audit   'log-symbols': [ '4.1.0' ],
35 silly audit   long: [ '4.0.0' ],
35 silly audit   'make-dir': [ '3.1.0' ],
35 silly audit   'media-typer': [ '0.3.0' ],
35 silly audit   'merge-descriptors': [ '1.0.1' ],
35 silly audit   methods: [ '1.1.2' ],
35 silly audit   'mime-db': [ '1.40.0' ],
35 silly audit   'mime-types': [ '2.1.24' ],
35 silly audit   minimatch: [ '3.0.4' ],
35 silly audit   minimist: [ '1.2.6' ],
35 silly audit   mocha: [ '9.2.1' ],
35 silly audit   nanoid: [ '3.2.0' ],
35 silly audit   negotiator: [ '0.6.2' ],
35 silly audit   'node-fetch': [ '2.6.7' ],
35 silly audit   'node-forge': [ '1.3.0' ],
35 silly audit   'node-preload': [ '0.2.1' ],
35 silly audit   'node-releases': [ '2.0.2' ],
35 silly audit   'normalize-path': [ '3.0.0' ],
35 silly audit   nyc: [ '15.1.0' ],
35 silly audit   'wrap-ansi': [ '6.2.0', '7.0.0' ],
35 silly audit   y18n: [ '4.0.3', '5.0.8' ],
35 silly audit   yargs: [ '15.4.1', '16.2.0' ],
35 silly audit   'yargs-parser': [ '18.1.3', '20.2.4' ],
35 silly audit   'on-finished': [ '2.3.0' ],
35 silly audit   once: [ '1.4.0' ],
35 silly audit   'p-map': [ '3.0.0' ],
35 silly audit   'p-try': [ '2.2.0' ],
35 silly audit   'package-hash': [ '4.0.0' ],
35 silly audit   parseurl: [ '1.3.3' ],
35 silly audit   'path-exists': [ '4.0.0' ],
35 silly audit   'path-is-absolute': [ '1.0.1' ],
35 silly audit   'path-key': [ '3.1.1' ],
35 silly audit   'path-to-regexp': [ '0.1.7' ],
35 silly audit   pathval: [ '1.1.1' ],
35 silly audit   picocolors: [ '1.0.0' ],
35 silly audit   picomatch: [ '2.3.1' ],
35 silly audit   'pkg-dir': [ '4.2.0' ],
35 silly audit   'process-nextick-args': [ '2.0.1' ],
35 silly audit   'process-on-spawn': [ '1.0.0' ],
35 silly audit   protobufjs: [ '6.10.2' ],
35 silly audit   'proxy-addr': [ '2.0.5' ],
35 silly audit   qs: [ '6.7.0' ],
35 silly audit   randombytes: [ '2.1.0' ],
35 silly audit   'range-parser': [ '1.2.1' ],
35 silly audit   'raw-body': [ '2.4.0' ],
35 silly audit   readdirp: [ '3.6.0' ],
35 silly audit   'release-zalgo': [ '1.0.0' ],
35 silly audit   'require-directory': [ '2.1.1' ],
35 silly audit   'require-main-filename': [ '2.0.0' ],
35 silly audit   'resolve-from': [ '5.0.0' ],
35 silly audit   'retry-request': [ '4.1.3' ],
35 silly audit   rimraf: [ '3.0.2' ],
35 silly audit   'safe-buffer': [ '5.1.2' ],
35 silly audit   'safer-buffer': [ '2.1.2' ],
35 silly audit   semver: [ '6.3.0' ],
35 silly audit   send: [ '0.17.1' ],
35 silly audit   'serialize-javascript': [ '6.0.0' ],
35 silly audit   'serve-static': [ '1.14.1' ],
35 silly audit   'set-blocking': [ '2.0.0' ],
35 silly audit   setprototypeof: [ '1.1.1' ],
35 silly audit   'shebang-command': [ '2.0.0' ],
35 silly audit   'shebang-regex': [ '3.0.0' ],
35 silly audit   'signal-exit': [ '3.0.7' ],
35 silly audit   'spawn-wrap': [ '2.0.0' ],
35 silly audit   'sprintf-js': [ '1.0.3' ],
35 silly audit   statuses: [ '1.5.0' ],
35 silly audit   'stream-shift': [ '1.0.1' ],
35 silly audit   string_decoder: [ '1.1.1' ],
35 silly audit   'string-width': [ '4.2.3' ],
35 silly audit   'strip-ansi': [ '6.0.1' ],
35 silly audit   'strip-bom': [ '4.0.0' ],
35 silly audit   'strip-json-comments': [ '3.1.1' ],
35 silly audit   superagent: [ '3.8.3' ],
35 silly audit   supertest: [ '4.0.2' ],
35 silly audit   'test-exclude': [ '6.0.0' ],
35 silly audit   'to-fast-properties': [ '2.0.0' ],
35 silly audit   'to-regex-range': [ '5.0.1' ],
35 silly audit   toidentifier: [ '1.0.0' ],
35 silly audit   tr46: [ '0.0.3' ],
35 silly audit   'type-detect': [ '4.0.8' ],
35 silly audit   'type-fest': [ '0.8.1' ],
35 silly audit   'type-is': [ '1.6.18' ],
35 silly audit   'typedarray-to-buffer': [ '3.1.5' ],
35 silly audit   unpipe: [ '1.0.0' ],
35 silly audit   'util-deprecate': [ '1.0.2' ],
35 silly audit   'utils-merge': [ '1.0.1' ],
35 silly audit   uuid: [ '3.4.0' ],
35 silly audit   vary: [ '1.1.2' ],
35 silly audit   'webidl-conversions': [ '3.0.1' ],
35 silly audit   'whatwg-url': [ '5.0.0' ],
35 silly audit   which: [ '2.0.2' ],
35 silly audit   'which-module': [ '2.0.0' ],
35 silly audit   workerpool: [ '6.2.0' ],
35 silly audit   wrappy: [ '1.0.2' ],
35 silly audit   'write-file-atomic': [ '3.0.3' ],
35 silly audit   'yargs-unparser': [ '2.0.0' ],
35 silly audit   'yocto-queue': [ '0.1.0' ]
35 silly audit }
36 http fetch POST 200 https://registry.npmjs.org/-/npm/v1/security/advisories/bulk 243ms
37 timing auditReport:getReport Completed in 259ms
38 silly audit report {
38 silly audit report   protobufjs: [
38 silly audit report     {
38 silly audit report       id: 1083218,
38 silly audit report       url: 'https://github.com/advisories/GHSA-g954-5hwp-pp24',
38 silly audit report       title: 'Prototype Pollution in protobufjs',
38 silly audit report       severity: 'high',
38 silly audit report       vulnerable_versions: '>=6.10.0 <6.10.3',
38 silly audit report       cwe: [Array],
38 silly audit report       cvss: [Object]
38 silly audit report     }
38 silly audit report   ]
38 silly audit report }
39 timing metavuln:cache:get:security-advisory:protobufjs:cQQuB9p/7hQsax9FCBY+JeU6GAs5QEAppfhRphIG8K2Dn2+yy5/TKKMSyYhK7cxV9rv+XxdpGdnOS5KHKZcBfg== Completed in 9ms
40 http fetch GET 200 https://registry.npmjs.org/protobufjs 15ms (cache hit)
41 timing metavuln:packument:protobufjs Completed in 19ms
42 timing metavuln:load:security-advisory:protobufjs:1083218 Completed in 2ms
43 timing metavuln:calculate:security-advisory:protobufjs:1083218 Completed in 22ms
44 timing metavuln:cache:get:security-advisory:@grpc/proto-loader:FlCh0xOu3HaGavhP8isue6wkEw9ffoKE4o2YsI/slzjKW2AtRIjE/gL8DKwWwbdVmIygpkgloy5v3u6muH/b0w== Completed in 4ms
45 timing metavuln:cache:get:security-advisory:google-gax:FQR9+p0P8GIrpSGiXEzhIoRHFKh6xe9bKT/lHKr7XQpJoBq54jeXBKrwoNOcLH+TQHACylik6fuJ5E1eqrZKGg== Completed in 4ms
46 http fetch GET 200 https://registry.npmjs.org/@grpc%2fproto-loader 9ms (cache hit)
47 timing metavuln:packument:@grpc/proto-loader Completed in 11ms
48 timing metavuln:load:security-advisory:@grpc/proto-loader:cQQuB9p/7hQsax9FCBY+JeU6GAs5QEAppfhRphIG8K2Dn2+yy5/TKKMSyYhK7cxV9rv+XxdpGdnOS5KHKZcBfg== Completed in 0ms
49 timing metavuln:calculate:security-advisory:@grpc/proto-loader:cQQuB9p/7hQsax9FCBY+JeU6GAs5QEAppfhRphIG8K2Dn2+yy5/TKKMSyYhK7cxV9rv+XxdpGdnOS5KHKZcBfg== Completed in 11ms
50 http fetch GET 200 https://registry.npmjs.org/google-gax 14ms (cache hit)
51 timing metavuln:packument:google-gax Completed in 22ms
52 timing metavuln:load:security-advisory:google-gax:cQQuB9p/7hQsax9FCBY+JeU6GAs5QEAppfhRphIG8K2Dn2+yy5/TKKMSyYhK7cxV9rv+XxdpGdnOS5KHKZcBfg== Completed in 2ms
53 timing metavuln:calculate:security-advisory:google-gax:cQQuB9p/7hQsax9FCBY+JeU6GAs5QEAppfhRphIG8K2Dn2+yy5/TKKMSyYhK7cxV9rv+XxdpGdnOS5KHKZcBfg== Completed in 25ms
54 timing auditReport:init Completed in 52ms
55 timing audit Completed in 646ms
56 timing command:audit Completed in 660ms
57 verbose exit 0
58 timing npm Completed in 848ms
59 verbose code 1
